<?xml version="1.0" encoding="UTF-8" ?>
<testsuite errors="0" failures="0" hostname="AFSTBWS152" name="TestSuites.JenkinsSuite" skipped="0" tests="1" time="0.101" timestamp="2017-02-07T10:50:48">
  <properties>
[...]
</properties>
  <testcase classname="TestSuites.JenkinsSuite" name="executeJenkinsSuite" time="0.071" />
  <system-out><![CDATA[[java.runtime.name, sun.boot.library.path, java.vm.version, ant.library.dir, java.vm.vendor, java.vendor.url, path.separator, java.vm.name, file.encoding.pkg, user.script, user.country, sun.java.launcher, sun.os.patch.level, myTest, java.vm.specification.name, user.dir, java.runtime.version, java.awt.graphicsenv, java.endorsed.dirs, os.arch, java.io.tmpdir, line.separator, java.vm.specification.vendor, user.variant, os.name, ant.home, sun.jnu.encoding, java.library.path, java.specification.name, java.class.version, sun.management.compiler, os.version, user.home, user.timezone, java.awt.printerjob, java.specification.version, file.encoding, TestPack, user.name, java.class.path, java.vm.specification.version, sun.arch.data.model, java.home, sun.java.command, java.specification.vendor, user.language, awt.toolkit, java.vm.info, java.version, java.ext.dirs, sun.boot.class.path, sun.stderr.encoding, java.vendor, file.separator, Environment, java.vendor.url.bug, sun.cpu.endian, sun.io.unicode.encoding, sun.stdout.encoding, sun.desktop, Browser, sun.cpu.isalist]
[INFO] Executing tests: Browser - Chrome, Environment - Integration, Test Pack - MixTelematics_RegressionTestPack.xls, MyTest = TestSuites.JenkinsSuite
[INFO] Executing tests: Browser - Chrome, Environment - Integration, Test Pack - MixTelematics_RegressionTestPack.xls
Error generating report...see message and  stack trace below: null
No suitable driver found for jdbc:derby://localhost:1527/TestResults
]]></system-out>
  <system-err><![CDATA[Test data object is empty - spreadsheet not found or is empty
]]></system-err>
</testsuite>
